2021-03-08 17:26:20,374; INFO; NP.forecaster; _handle_missing_data; 51 missing dates added.
2021-03-08 17:26:20,385; INFO; NP.forecaster; _handle_missing_data; 51 NaN values in column y were auto-imputed.
2021-03-08 17:26:20,406; INFO; NP.utils; set_auto_seasonalities; Disabling yearly seasonality. Run NeuralProphet with yearly_seasonality=True to override this.
2021-03-08 17:26:20,407; INFO; NP.utils; set_auto_seasonalities; Disabling daily seasonality. Run NeuralProphet with daily_seasonality=True to override this.
2021-03-08 17:26:20,407; INFO; NP.config; set_auto_batch_epoch; Auto-set batch_size to 8
2021-03-08 17:26:20,773; INFO; NP.forecaster; _lr_range_test; learning rate range test found optimal lr: 5.34E-02
2021-03-08 17:26:21,722; WARNING; NP.forecaster; make_future_dataframe; Insufficient data for 97 historic forecasts, reduced to 37.
2021-03-08 17:26:21,733; INFO; NP.forecaster; _handle_missing_data; 51 missing dates added.
2021-03-08 17:26:21,737; INFO; NP.forecaster; _handle_missing_data; 51 NaN values in column y were auto-imputed.
2021-03-08 17:26:21,741; WARNING; NP.forecaster; make_future_dataframe; Number of forecast steps is defined by n_forecasts. Adjusted to 30.
2021-03-08 17:26:35,159; INFO; NP.forecaster; _handle_missing_data; 72 missing dates added.
2021-03-08 17:26:35,165; INFO; NP.forecaster; _handle_missing_data; 72 NaN values in column y were auto-imputed.
2021-03-08 17:26:35,172; INFO; NP.utils; set_auto_seasonalities; Disabling yearly seasonality. Run NeuralProphet with yearly_seasonality=True to override this.
2021-03-08 17:26:35,172; INFO; NP.utils; set_auto_seasonalities; Disabling daily seasonality. Run NeuralProphet with daily_seasonality=True to override this.
2021-03-08 17:26:35,173; INFO; NP.config; set_auto_batch_epoch; Auto-set batch_size to 8
2021-03-08 17:26:35,371; INFO; NP.forecaster; _lr_range_test; learning rate range test found optimal lr: 1.87E-01
2021-03-08 17:26:37,720; WARNING; NP.forecaster; make_future_dataframe; Insufficient data for 137 historic forecasts, reduced to 77.
2021-03-08 17:26:37,727; INFO; NP.forecaster; _handle_missing_data; 72 missing dates added.
2021-03-08 17:26:37,729; INFO; NP.forecaster; _handle_missing_data; 72 NaN values in column y were auto-imputed.
2021-03-08 17:26:37,732; WARNING; NP.forecaster; make_future_dataframe; Number of forecast steps is defined by n_forecasts. Adjusted to 30.
2021-03-08 17:26:44,836; INFO; NP.forecaster; _handle_missing_data; 72 missing dates added.
2021-03-08 17:26:44,841; INFO; NP.forecaster; _handle_missing_data; 72 NaN values in column y were auto-imputed.
2021-03-08 17:26:44,850; INFO; NP.utils; set_auto_seasonalities; Disabling yearly seasonality. Run NeuralProphet with yearly_seasonality=True to override this.
2021-03-08 17:26:44,850; INFO; NP.utils; set_auto_seasonalities; Disabling daily seasonality. Run NeuralProphet with daily_seasonality=True to override this.
2021-03-08 17:26:44,851; INFO; NP.config; set_auto_batch_epoch; Auto-set batch_size to 8
2021-03-08 17:26:45,064; INFO; NP.forecaster; _lr_range_test; learning rate range test found optimal lr: 2.31E-01
2021-03-08 17:26:55,184; WARNING; NP.forecaster; make_future_dataframe; Insufficient data for 137 historic forecasts, reduced to 77.
2021-03-08 17:26:55,190; INFO; NP.forecaster; _handle_missing_data; 72 missing dates added.
2021-03-08 17:26:55,193; INFO; NP.forecaster; _handle_missing_data; 72 NaN values in column y were auto-imputed.
2021-03-08 17:26:55,196; WARNING; NP.forecaster; make_future_dataframe; Number of forecast steps is defined by n_forecasts. Adjusted to 30.
2021-03-08 17:33:35,540:INFO:PyCaret Supervised Module
2021-03-08 17:33:35,542:INFO:ML Usecase: anomaly
2021-03-08 17:33:35,542:INFO:version 2.2.2
2021-03-08 17:33:35,542:INFO:Initializing setup()
2021-03-08 17:33:35,542:INFO:setup(display=None, profile_kwargs=None, profile=False, verbose=False, silent=True, log_data=False, log_profile=False, log_plots=False, experiment_name=None, log_experiment=False, session_id=None, html=False, custom_pipeline=None, use_gpu=False, n_jobs=-1, fold_groups=None, fold_shuffle=False, fold=10, fold_strategy=kfold, data_split_stratify=False, data_split_shuffle=False, transform_target_method=box-cox, transform_target=False, fix_imbalance_method=None, fix_imbalance=False, interaction_threshold=0.01, feature_ratio=False, feature_interaction=False, feature_selection_method=classic, feature_selection_threshold=0.8, feature_selection=False, group_names=None, group_features=None, polynomial_threshold=0.1, trigonometry_features=False, polynomial_degree=2, polynomial_features=False, cluster_iter=20, create_clusters=False, remove_perfect_collinearity=False, multicollinearity_threshold=0.9, remove_multicollinearity=False, outliers_threshold=0.05, remove_outliers=False, bin_numeric_features=None, rare_level_threshold=0.1, combine_rare_levels=False, ignore_low_variance=False, pca_components=None, pca_method=linear, pca=False, unknown_categorical_method=least_frequent, handle_unknown_categorical=True, transformation_method=yeo-johnson, transformation=False, normalize_method=zscore, normalize=False, ignore_features=None, date_features=None, numeric_iterative_imputer=lightgbm, numeric_imputation=mean, numeric_features=None, high_cardinality_method=frequency, high_cardinality_features=None, ordinal_features=None, categorical_iterative_imputer=lightgbm, categorical_imputation=mode, categorical_features=None, iterative_imputation_iters=5, imputation_type=simple, preprocess=True, test_data=None, train_size=0.7, available_plots={'tsne': 'Anomaly TSnE (3d)', 'umap': 'UMAP Dimensionality'}, ml_usecase=anomaly, target=None)
2021-03-08 17:33:35,542:INFO:Checking environment
2021-03-08 17:33:35,543:INFO:python_version: 3.6.9
2021-03-08 17:33:35,543:INFO:python_build: ('default', 'Jul 30 2019 13:42:17')
2021-03-08 17:33:35,543:INFO:machine: x86_64
2021-03-08 17:33:35,570:INFO:platform: Darwin-20.3.0-x86_64-i386-64bit
2021-03-08 17:33:35,571:INFO:Memory: svmem(total=8589934592, available=1828745216, percent=78.7, used=4405440512, free=19628032, active=1810755584, inactive=1640660992, wired=2594684928)
2021-03-08 17:33:35,571:INFO:Physical Core: 2
2021-03-08 17:33:35,571:INFO:Logical Core: 4
2021-03-08 17:33:35,571:INFO:Checking libraries
2021-03-08 17:33:35,572:INFO:pd==1.1.5
2021-03-08 17:33:35,572:INFO:numpy==1.19.5
2021-03-08 17:33:35,572:INFO:sklearn==0.23.2
2021-03-08 17:33:35,572:INFO:xgboost==1.3.0
2021-03-08 17:33:35,572:INFO:lightgbm==3.1.1
2021-03-08 17:33:37,023:INFO:catboost==0.24.4
2021-03-08 17:33:37,382:INFO:mlflow==1.2.0
2021-03-08 17:33:37,382:INFO:Checking Exceptions
2021-03-08 17:33:37,383:INFO:Declaring global variables
2021-03-08 17:33:37,383:INFO:USI: 0a90
2021-03-08 17:33:37,383:INFO:pycaret_globals: {'transform_target_param', 'data_before_preprocess', 'experiment__', '_all_models_internal', 'prep_pipe', 'gpu_param', 'fold_shuffle_param', 'fold_param', 'fold_generator', 'display_container', '_all_metrics', 'seed', '_internal_pipeline', 'n_jobs_param', '_all_models', 'transform_target_method_param', 'master_model_container', 'iterative_imputation_iters_param', 'fold_groups_param', 'create_model_container', 'X', 'target_param', 'stratify_param', '_ml_usecase', 'imputation_regressor', '_available_plots', 'logging_param', 'imputation_classifier', 'fix_imbalance_param', 'pycaret_globals', '_gpu_n_jobs_param', 'log_plots_param', 'fix_imbalance_method_param', 'USI', 'exp_name_log', 'html_param'}
2021-03-08 17:33:37,383:INFO:Preparing display monitor
2021-03-08 17:33:37,384:INFO:Importing libraries
2021-03-08 17:33:37,384:INFO:Copying data for preprocessing
2021-03-08 17:33:37,385:INFO:Declaring preprocessing parameters
2021-03-08 17:33:37,389:INFO:Creating preprocessing pipeline
2021-03-08 17:33:37,407:INFO:Preprocessing pipeline created successfully
2021-03-08 17:33:37,408:ERROR:(Process Exit): setup has been interupted with user command 'quit'. setup must rerun.
2021-03-08 17:33:37,408:INFO:Creating global containers
2021-03-08 17:33:37,412:INFO:Internal pipeline: Pipeline(memory=None, steps=[('empty_step', 'passthrough')], verbose=False)
2021-03-08 17:33:37,718:INFO:Creating grid variables
2021-03-08 17:33:37,721:INFO:create_model_container: 0
2021-03-08 17:33:37,721:INFO:master_model_container: 0
2021-03-08 17:33:37,722:INFO:display_container: 0
2021-03-08 17:33:37,729:INFO:Pipeline(memory=None,
         steps=[('dtypes',
                 DataTypes_Auto_infer(categorical_features=[],
                                      display_types=False, features_todrop=[],
                                      id_columns=[],
                                      ml_usecase='classification',
                                      numerical_features=[],
                                      target='UNSUPERVISED_DUMMY_TARGET',
                                      time_features=[])),
                ('imputer',
                 Simple_Imputer(categorical_strategy='most frequent',
                                fill_value_categorical=None,
                                fill_value_numerical...
                ('scaling', 'passthrough'), ('P_transform', 'passthrough'),
                ('binn', 'passthrough'), ('rem_outliers', 'passthrough'),
                ('cluster_all', 'passthrough'),
                ('dummy', Dummify(target='UNSUPERVISED_DUMMY_TARGET')),
                ('fix_perfect', 'passthrough'),
                ('clean_names', Clean_Colum_Names()),
                ('feature_select', 'passthrough'), ('fix_multi', 'passthrough'),
                ('dfs', 'passthrough'), ('pca', 'passthrough')],
         verbose=False)
2021-03-08 17:33:37,730:INFO:setup() succesfully completed......................................
2021-03-08 17:33:38,096:INFO:Initializing create_model()
2021-03-08 17:33:38,097:INFO:create_model(kwargs={}, display=None, raise_num_clusters=False, system=True, verbose=False, fit_kwargs=None, round=4, ground_truth=None, fraction=0.05, num_clusters=4, estimator=knn)
2021-03-08 17:33:38,097:INFO:Checking exceptions
2021-03-08 17:33:38,097:INFO:Importing libraries
2021-03-08 17:33:38,097:INFO:Importing untrained model
2021-03-08 17:33:38,098:INFO:K-Nearest Neighbors Detector Imported succesfully
2021-03-08 17:33:38,099:INFO:Fitting Model
2021-03-08 17:33:38,212:INFO:KNN(algorithm='auto', contamination=0.05, leaf_size=30, method='largest',
  metric='minkowski', metric_params=None, n_jobs=-1, n_neighbors=5, p=2,
  radius=1.0)
2021-03-08 17:33:38,212:INFO:create_models() succesfully completed......................................
2021-03-08 17:33:38,212:INFO:Uploading results into container
2021-03-08 17:33:38,213:INFO:Uploading model into container now
2021-03-08 17:33:38,213:INFO:create_model_container: 1
2021-03-08 17:33:38,213:INFO:master_model_container: 1
2021-03-08 17:33:38,213:INFO:display_container: 1
2021-03-08 17:33:38,214:INFO:KNN(algorithm='auto', contamination=0.05, leaf_size=30, method='largest',
  metric='minkowski', metric_params=None, n_jobs=-1, n_neighbors=5, p=2,
  radius=1.0)
2021-03-08 17:33:38,214:INFO:create_model() succesfully completed......................................
2021-03-08 17:33:38,324:INFO:Initializing assign_model()
2021-03-08 17:33:38,325:INFO:assign_model(verbose=False, score=True, transformation=False, model=KNN(algorithm='auto', contamination=0.05, leaf_size=30, method='largest',
  metric='minkowski', metric_params=None, n_jobs=-1, n_neighbors=5, p=2,
  radius=1.0))
2021-03-08 17:33:38,325:INFO:Checking exceptions
2021-03-08 17:33:38,325:INFO:Determining Trained Model
2021-03-08 17:33:38,325:INFO:Trained Model : K-Nearest Neighbors Detector
2021-03-08 17:33:38,325:INFO:Copying data
2021-03-08 17:33:38,327:INFO:(137, 21)
2021-03-08 17:33:38,327:INFO:assign_model() succesfully completed......................................
2021-03-08 17:37:32,638:INFO:PyCaret Supervised Module
2021-03-08 17:37:32,639:INFO:ML Usecase: anomaly
2021-03-08 17:37:32,639:INFO:version 2.2.2
2021-03-08 17:37:32,639:INFO:Initializing setup()
2021-03-08 17:37:32,639:INFO:setup(display=None, profile_kwargs=None, profile=False, verbose=False, silent=True, log_data=False, log_profile=False, log_plots=False, experiment_name=None, log_experiment=False, session_id=None, html=False, custom_pipeline=None, use_gpu=False, n_jobs=-1, fold_groups=None, fold_shuffle=False, fold=10, fold_strategy=kfold, data_split_stratify=False, data_split_shuffle=False, transform_target_method=box-cox, transform_target=False, fix_imbalance_method=None, fix_imbalance=False, interaction_threshold=0.01, feature_ratio=False, feature_interaction=False, feature_selection_method=classic, feature_selection_threshold=0.8, feature_selection=False, group_names=None, group_features=None, polynomial_threshold=0.1, trigonometry_features=False, polynomial_degree=2, polynomial_features=False, cluster_iter=20, create_clusters=False, remove_perfect_collinearity=False, multicollinearity_threshold=0.9, remove_multicollinearity=False, outliers_threshold=0.05, remove_outliers=False, bin_numeric_features=None, rare_level_threshold=0.1, combine_rare_levels=False, ignore_low_variance=False, pca_components=None, pca_method=linear, pca=False, unknown_categorical_method=least_frequent, handle_unknown_categorical=True, transformation_method=yeo-johnson, transformation=False, normalize_method=zscore, normalize=False, ignore_features=None, date_features=None, numeric_iterative_imputer=lightgbm, numeric_imputation=mean, numeric_features=None, high_cardinality_method=frequency, high_cardinality_features=None, ordinal_features=None, categorical_iterative_imputer=lightgbm, categorical_imputation=mode, categorical_features=None, iterative_imputation_iters=5, imputation_type=simple, preprocess=True, test_data=None, train_size=0.7, available_plots={'tsne': 'Anomaly TSnE (3d)', 'umap': 'UMAP Dimensionality'}, ml_usecase=anomaly, target=None)
2021-03-08 17:37:32,639:INFO:Checking environment
2021-03-08 17:37:32,639:INFO:python_version: 3.6.9
2021-03-08 17:37:32,639:INFO:python_build: ('default', 'Jul 30 2019 13:42:17')
2021-03-08 17:37:32,640:INFO:machine: x86_64
2021-03-08 17:37:32,640:INFO:platform: Darwin-20.3.0-x86_64-i386-64bit
2021-03-08 17:37:32,640:INFO:Memory: svmem(total=8589934592, available=2112724992, percent=75.4, used=4219932672, free=26603520, active=1985892352, inactive=1960415232, wired=2234040320)
2021-03-08 17:37:32,640:INFO:Physical Core: 2
2021-03-08 17:37:32,640:INFO:Logical Core: 4
2021-03-08 17:37:32,640:INFO:Checking libraries
2021-03-08 17:37:32,641:INFO:pd==1.1.5
2021-03-08 17:37:32,641:INFO:numpy==1.19.5
2021-03-08 17:37:32,641:INFO:sklearn==0.23.2
2021-03-08 17:37:32,641:INFO:xgboost==1.3.0
2021-03-08 17:37:32,641:INFO:lightgbm==3.1.1
2021-03-08 17:37:32,641:INFO:catboost==0.24.4
2021-03-08 17:37:32,641:INFO:mlflow==1.2.0
2021-03-08 17:37:32,641:INFO:Checking Exceptions
2021-03-08 17:37:32,642:INFO:Declaring global variables
2021-03-08 17:37:32,642:INFO:USI: 09f3
2021-03-08 17:37:32,642:INFO:pycaret_globals: {'transform_target_param', 'data_before_preprocess', 'experiment__', '_all_models_internal', 'prep_pipe', 'gpu_param', 'fold_shuffle_param', 'fold_param', 'fold_generator', 'display_container', '_all_metrics', 'seed', '_internal_pipeline', 'n_jobs_param', '_all_models', 'transform_target_method_param', 'master_model_container', 'iterative_imputation_iters_param', 'fold_groups_param', 'create_model_container', 'X', 'target_param', 'stratify_param', '_ml_usecase', 'imputation_regressor', '_available_plots', 'logging_param', 'imputation_classifier', 'fix_imbalance_param', 'pycaret_globals', '_gpu_n_jobs_param', 'log_plots_param', 'fix_imbalance_method_param', 'USI', 'exp_name_log', 'html_param'}
2021-03-08 17:37:32,642:INFO:Preparing display monitor
2021-03-08 17:37:32,643:INFO:Importing libraries
2021-03-08 17:37:32,643:INFO:Copying data for preprocessing
2021-03-08 17:37:32,644:INFO:Declaring preprocessing parameters
2021-03-08 17:37:32,648:INFO:Creating preprocessing pipeline
2021-03-08 17:37:32,668:INFO:Preprocessing pipeline created successfully
2021-03-08 17:37:32,668:ERROR:(Process Exit): setup has been interupted with user command 'quit'. setup must rerun.
2021-03-08 17:37:32,668:INFO:Creating global containers
2021-03-08 17:37:32,670:INFO:Internal pipeline: Pipeline(memory=None, steps=[('empty_step', 'passthrough')], verbose=False)
2021-03-08 17:37:32,795:INFO:Creating grid variables
2021-03-08 17:37:32,800:INFO:create_model_container: 0
2021-03-08 17:37:32,800:INFO:master_model_container: 0
2021-03-08 17:37:32,800:INFO:display_container: 0
2021-03-08 17:37:32,807:INFO:Pipeline(memory=None,
         steps=[('dtypes',
                 DataTypes_Auto_infer(categorical_features=[],
                                      display_types=False, features_todrop=[],
                                      id_columns=[],
                                      ml_usecase='classification',
                                      numerical_features=[],
                                      target='UNSUPERVISED_DUMMY_TARGET',
                                      time_features=[])),
                ('imputer',
                 Simple_Imputer(categorical_strategy='most frequent',
                                fill_value_categorical=None,
                                fill_value_numerical...
                ('scaling', 'passthrough'), ('P_transform', 'passthrough'),
                ('binn', 'passthrough'), ('rem_outliers', 'passthrough'),
                ('cluster_all', 'passthrough'),
                ('dummy', Dummify(target='UNSUPERVISED_DUMMY_TARGET')),
                ('fix_perfect', 'passthrough'),
                ('clean_names', Clean_Colum_Names()),
                ('feature_select', 'passthrough'), ('fix_multi', 'passthrough'),
                ('dfs', 'passthrough'), ('pca', 'passthrough')],
         verbose=False)
2021-03-08 17:37:32,807:INFO:setup() succesfully completed......................................
2021-03-08 17:37:33,023:INFO:Initializing create_model()
2021-03-08 17:37:33,023:INFO:create_model(kwargs={}, display=None, raise_num_clusters=False, system=True, verbose=False, fit_kwargs=None, round=4, ground_truth=None, fraction=0.05, num_clusters=4, estimator=knn)
2021-03-08 17:37:33,024:INFO:Checking exceptions
2021-03-08 17:37:33,024:INFO:Importing libraries
2021-03-08 17:37:33,024:INFO:Importing untrained model
2021-03-08 17:37:33,027:INFO:K-Nearest Neighbors Detector Imported succesfully
2021-03-08 17:37:33,028:INFO:Fitting Model
2021-03-08 17:37:33,140:INFO:KNN(algorithm='auto', contamination=0.05, leaf_size=30, method='largest',
  metric='minkowski', metric_params=None, n_jobs=-1, n_neighbors=5, p=2,
  radius=1.0)
2021-03-08 17:37:33,140:INFO:create_models() succesfully completed......................................
2021-03-08 17:37:33,140:INFO:Uploading results into container
2021-03-08 17:37:33,141:INFO:Uploading model into container now
2021-03-08 17:37:33,141:INFO:create_model_container: 1
2021-03-08 17:37:33,141:INFO:master_model_container: 1
2021-03-08 17:37:33,142:INFO:display_container: 1
2021-03-08 17:37:33,142:INFO:KNN(algorithm='auto', contamination=0.05, leaf_size=30, method='largest',
  metric='minkowski', metric_params=None, n_jobs=-1, n_neighbors=5, p=2,
  radius=1.0)
2021-03-08 17:37:33,142:INFO:create_model() succesfully completed......................................
2021-03-08 17:37:33,277:INFO:Initializing assign_model()
2021-03-08 17:37:33,277:INFO:assign_model(verbose=False, score=True, transformation=False, model=KNN(algorithm='auto', contamination=0.05, leaf_size=30, method='largest',
  metric='minkowski', metric_params=None, n_jobs=-1, n_neighbors=5, p=2,
  radius=1.0))
2021-03-08 17:37:33,277:INFO:Checking exceptions
2021-03-08 17:37:33,277:INFO:Determining Trained Model
2021-03-08 17:37:33,278:INFO:Trained Model : K-Nearest Neighbors Detector
2021-03-08 17:37:33,278:INFO:Copying data
2021-03-08 17:37:33,281:INFO:(97, 21)
2021-03-08 17:37:33,281:INFO:assign_model() succesfully completed......................................
2021-03-08 17:37:40,844:INFO:PyCaret Supervised Module
2021-03-08 17:37:40,844:INFO:ML Usecase: anomaly
2021-03-08 17:37:40,845:INFO:version 2.2.2
2021-03-08 17:37:40,845:INFO:Initializing setup()
2021-03-08 17:37:40,845:INFO:setup(display=None, profile_kwargs=None, profile=False, verbose=False, silent=True, log_data=False, log_profile=False, log_plots=False, experiment_name=None, log_experiment=False, session_id=None, html=False, custom_pipeline=None, use_gpu=False, n_jobs=-1, fold_groups=None, fold_shuffle=False, fold=10, fold_strategy=kfold, data_split_stratify=False, data_split_shuffle=False, transform_target_method=box-cox, transform_target=False, fix_imbalance_method=None, fix_imbalance=False, interaction_threshold=0.01, feature_ratio=False, feature_interaction=False, feature_selection_method=classic, feature_selection_threshold=0.8, feature_selection=False, group_names=None, group_features=None, polynomial_threshold=0.1, trigonometry_features=False, polynomial_degree=2, polynomial_features=False, cluster_iter=20, create_clusters=False, remove_perfect_collinearity=False, multicollinearity_threshold=0.9, remove_multicollinearity=False, outliers_threshold=0.05, remove_outliers=False, bin_numeric_features=None, rare_level_threshold=0.1, combine_rare_levels=False, ignore_low_variance=False, pca_components=None, pca_method=linear, pca=False, unknown_categorical_method=least_frequent, handle_unknown_categorical=True, transformation_method=yeo-johnson, transformation=False, normalize_method=zscore, normalize=False, ignore_features=None, date_features=None, numeric_iterative_imputer=lightgbm, numeric_imputation=mean, numeric_features=None, high_cardinality_method=frequency, high_cardinality_features=None, ordinal_features=None, categorical_iterative_imputer=lightgbm, categorical_imputation=mode, categorical_features=None, iterative_imputation_iters=5, imputation_type=simple, preprocess=True, test_data=None, train_size=0.7, available_plots={'tsne': 'Anomaly TSnE (3d)', 'umap': 'UMAP Dimensionality'}, ml_usecase=anomaly, target=None)
2021-03-08 17:37:40,845:INFO:Checking environment
2021-03-08 17:37:40,845:INFO:python_version: 3.6.9
2021-03-08 17:37:40,845:INFO:python_build: ('default', 'Jul 30 2019 13:42:17')
2021-03-08 17:37:40,845:INFO:machine: x86_64
2021-03-08 17:37:40,845:INFO:platform: Darwin-20.3.0-x86_64-i386-64bit
2021-03-08 17:37:40,846:INFO:Memory: svmem(total=8589934592, available=2088882176, percent=75.7, used=4243542016, free=29429760, active=2033729536, inactive=1951653888, wired=2209812480)
2021-03-08 17:37:40,846:INFO:Physical Core: 2
2021-03-08 17:37:40,846:INFO:Logical Core: 4
2021-03-08 17:37:40,846:INFO:Checking libraries
2021-03-08 17:37:40,846:INFO:pd==1.1.5
2021-03-08 17:37:40,846:INFO:numpy==1.19.5
2021-03-08 17:37:40,846:INFO:sklearn==0.23.2
2021-03-08 17:37:40,846:INFO:xgboost==1.3.0
2021-03-08 17:37:40,846:INFO:lightgbm==3.1.1
2021-03-08 17:37:40,847:INFO:catboost==0.24.4
2021-03-08 17:37:40,847:INFO:mlflow==1.2.0
2021-03-08 17:37:40,847:INFO:Checking Exceptions
2021-03-08 17:37:40,847:INFO:Declaring global variables
2021-03-08 17:37:40,847:INFO:USI: 3f63
2021-03-08 17:37:40,847:INFO:pycaret_globals: {'transform_target_param', 'data_before_preprocess', 'experiment__', '_all_models_internal', 'prep_pipe', 'gpu_param', 'fold_shuffle_param', 'fold_param', 'fold_generator', 'display_container', '_all_metrics', 'seed', '_internal_pipeline', 'n_jobs_param', '_all_models', 'transform_target_method_param', 'master_model_container', 'iterative_imputation_iters_param', 'fold_groups_param', 'create_model_container', 'X', 'target_param', 'stratify_param', '_ml_usecase', 'imputation_regressor', '_available_plots', 'logging_param', 'imputation_classifier', 'fix_imbalance_param', 'pycaret_globals', '_gpu_n_jobs_param', 'log_plots_param', 'fix_imbalance_method_param', 'USI', 'exp_name_log', 'html_param'}
2021-03-08 17:37:40,847:INFO:Preparing display monitor
2021-03-08 17:37:40,848:INFO:Importing libraries
2021-03-08 17:37:40,848:INFO:Copying data for preprocessing
2021-03-08 17:37:40,848:INFO:Declaring preprocessing parameters
2021-03-08 17:37:40,851:INFO:Creating preprocessing pipeline
2021-03-08 17:37:40,867:INFO:Preprocessing pipeline created successfully
2021-03-08 17:37:40,867:ERROR:(Process Exit): setup has been interupted with user command 'quit'. setup must rerun.
2021-03-08 17:37:40,867:INFO:Creating global containers
2021-03-08 17:37:40,868:INFO:Internal pipeline: Pipeline(memory=None, steps=[('empty_step', 'passthrough')], verbose=False)
2021-03-08 17:37:40,974:INFO:Creating grid variables
2021-03-08 17:37:40,978:INFO:create_model_container: 0
2021-03-08 17:37:40,978:INFO:master_model_container: 0
2021-03-08 17:37:40,978:INFO:display_container: 0
2021-03-08 17:37:40,985:INFO:Pipeline(memory=None,
         steps=[('dtypes',
                 DataTypes_Auto_infer(categorical_features=[],
                                      display_types=False, features_todrop=[],
                                      id_columns=[],
                                      ml_usecase='classification',
                                      numerical_features=[],
                                      target='UNSUPERVISED_DUMMY_TARGET',
                                      time_features=[])),
                ('imputer',
                 Simple_Imputer(categorical_strategy='most frequent',
                                fill_value_categorical=None,
                                fill_value_numerical...
                ('scaling', 'passthrough'), ('P_transform', 'passthrough'),
                ('binn', 'passthrough'), ('rem_outliers', 'passthrough'),
                ('cluster_all', 'passthrough'),
                ('dummy', Dummify(target='UNSUPERVISED_DUMMY_TARGET')),
                ('fix_perfect', 'passthrough'),
                ('clean_names', Clean_Colum_Names()),
                ('feature_select', 'passthrough'), ('fix_multi', 'passthrough'),
                ('dfs', 'passthrough'), ('pca', 'passthrough')],
         verbose=False)
2021-03-08 17:37:40,985:INFO:setup() succesfully completed......................................
2021-03-08 17:37:41,139:INFO:Initializing create_model()
2021-03-08 17:37:41,139:INFO:create_model(kwargs={}, display=None, raise_num_clusters=False, system=True, verbose=False, fit_kwargs=None, round=4, ground_truth=None, fraction=0.05, num_clusters=4, estimator=knn)
2021-03-08 17:37:41,139:INFO:Checking exceptions
2021-03-08 17:37:41,140:INFO:Importing libraries
2021-03-08 17:37:41,140:INFO:Importing untrained model
2021-03-08 17:37:41,141:INFO:K-Nearest Neighbors Detector Imported succesfully
2021-03-08 17:37:41,141:INFO:Fitting Model
2021-03-08 17:37:41,250:INFO:KNN(algorithm='auto', contamination=0.05, leaf_size=30, method='largest',
  metric='minkowski', metric_params=None, n_jobs=-1, n_neighbors=5, p=2,
  radius=1.0)
2021-03-08 17:37:41,250:INFO:create_models() succesfully completed......................................
2021-03-08 17:37:41,250:INFO:Uploading results into container
2021-03-08 17:37:41,250:INFO:Uploading model into container now
2021-03-08 17:37:41,251:INFO:create_model_container: 1
2021-03-08 17:37:41,251:INFO:master_model_container: 1
2021-03-08 17:37:41,251:INFO:display_container: 1
2021-03-08 17:37:41,251:INFO:KNN(algorithm='auto', contamination=0.05, leaf_size=30, method='largest',
  metric='minkowski', metric_params=None, n_jobs=-1, n_neighbors=5, p=2,
  radius=1.0)
2021-03-08 17:37:41,252:INFO:create_model() succesfully completed......................................
2021-03-08 17:37:41,376:INFO:Initializing assign_model()
2021-03-08 17:37:41,376:INFO:assign_model(verbose=False, score=True, transformation=False, model=KNN(algorithm='auto', contamination=0.05, leaf_size=30, method='largest',
  metric='minkowski', metric_params=None, n_jobs=-1, n_neighbors=5, p=2,
  radius=1.0))
2021-03-08 17:37:41,376:INFO:Checking exceptions
2021-03-08 17:37:41,377:INFO:Determining Trained Model
2021-03-08 17:37:41,378:INFO:Trained Model : K-Nearest Neighbors Detector
2021-03-08 17:37:41,378:INFO:Copying data
2021-03-08 17:37:41,380:INFO:(229, 21)
2021-03-08 17:37:41,380:INFO:assign_model() succesfully completed......................................
